[0.427s] DEBUG:colcon:Command line arguments: ['/usr/bin/colcon', 'build', '--symlink-install', '--cmake-args', '-DCMAKE_BUILD_TYPE=Release', '--packages-select', 'group2_gp2', 'group2_gp2_interfaces']
[0.428s] DEBUG:colcon:Parsed command line arguments: Namespace(log_base=None, log_level=None, verb_name='build', build_base='build', install_base='install', merge_install=False, symlink_install=True, test_result_base=None, continue_on_error=False, executor='parallel', parallel_workers=6, event_handlers=None, ignore_user_meta=False, metas=['./colcon.meta'], base_paths=['.'], packages_ignore=None, packages_ignore_regex=None, paths=None, packages_up_to=None, packages_up_to_regex=None, packages_above=None, packages_above_and_dependencies=None, packages_above_depth=None, packages_select_by_dep=None, packages_skip_by_dep=None, packages_skip_up_to=None, packages_select_build_failed=False, packages_skip_build_finished=False, packages_select_test_failures=False, packages_skip_test_passed=False, packages_select=['group2_gp2', 'group2_gp2_interfaces'], packages_skip=None, packages_select_regex=None, packages_skip_regex=None, packages_start=None, packages_end=None, allow_overriding=[], cmake_args=['-DCMAKE_BUILD_TYPE=Release'], cmake_target=None, cmake_target_skip_unavailable=False, cmake_clean_cache=False, cmake_clean_first=False, cmake_force_configure=False, ament_cmake_args=None, catkin_cmake_args=None, catkin_skip_building_tests=False, mixin_files=None, mixin=None, verb_parser=<colcon_mixin.mixin.mixin_argument.MixinArgumentDecorator object at 0x7e726e74a9f0>, verb_extension=<colcon_core.verb.build.BuildVerb object at 0x7e726e74a300>, main=<bound method BuildVerb.main of <colcon_core.verb.build.BuildVerb object at 0x7e726e74a300>>, mixin_verb=('build',))
[0.569s] Level 1:colcon.colcon_core.package_discovery:discover_packages(colcon_meta) check parameters
[0.569s] Level 1:colcon.colcon_core.package_discovery:discover_packages(recursive) check parameters
[0.569s] Level 1:colcon.colcon_core.package_discovery:discover_packages(ignore) check parameters
[0.569s] Level 1:colcon.colcon_core.package_discovery:discover_packages(path) check parameters
[0.571s] Level 1:colcon.colcon_core.package_discovery:discover_packages(colcon_meta) discover
[0.571s] Level 1:colcon.colcon_core.package_discovery:discover_packages(recursive) discover
[0.573s] INFO:colcon.colcon_core.package_discovery:Crawling recursively for packages in '/home/maxz/enpm605_ws/src/enpm605-spring-2026-ros/src/gp2'
[0.576s] Level 1:colcon.colcon_core.package_identification:_identify(.) by extensions ['ignore', 'ignore_ament_install']
[0.577s] Level 1:colcon.colcon_core.package_identification:_identify(.) by extension 'ignore'
[0.577s] Level 1:colcon.colcon_core.package_identification:_identify(.) by extension 'ignore_ament_install'
[0.578s] Level 1:colcon.colcon_core.package_identification:_identify(.) by extensions ['colcon_pkg']
[0.578s] Level 1:colcon.colcon_core.package_identification:_identify(.) by extension 'colcon_pkg'
[0.578s] Level 1:colcon.colcon_core.package_identification:_identify(.) by extensions ['colcon_meta']
[0.578s] Level 1:colcon.colcon_core.package_identification:_identify(.) by extension 'colcon_meta'
[0.578s] Level 1:colcon.colcon_core.package_identification:_identify(.) by extensions ['ros']
[0.578s] Level 1:colcon.colcon_core.package_identification:_identify(.) by extension 'ros'
[0.678s] Level 1:colcon.colcon_core.package_identification:_identify(.) by extensions ['cmake', 'python']
[0.679s] Level 1:colcon.colcon_core.package_identification:_identify(.) by extension 'cmake'
[0.679s] Level 1:colcon.colcon_core.package_identification:_identify(.) by extension 'python'
[0.679s] Level 1:colcon.colcon_core.package_identification:_identify(.) by extensions ['python_setup_py']
[0.679s] Level 1:colcon.colcon_core.package_identification:_identify(.) by extension 'python_setup_py'
[0.680s] Level 1:colcon.colcon_core.package_identification:_identify(build) by extensions ['ignore', 'ignore_ament_install']
[0.680s] Level 1:colcon.colcon_core.package_identification:_identify(build) by extension 'ignore'
[0.680s] Level 1:colcon.colcon_core.package_identification:_identify(build) ignored
[0.680s] Level 1:colcon.colcon_core.package_identification:_identify(group2_gp2) by extensions ['ignore', 'ignore_ament_install']
[0.681s] Level 1:colcon.colcon_core.package_identification:_identify(group2_gp2) by extension 'ignore'
[0.681s] Level 1:colcon.colcon_core.package_identification:_identify(group2_gp2) by extension 'ignore_ament_install'
[0.681s] Level 1:colcon.colcon_core.package_identification:_identify(group2_gp2) by extensions ['colcon_pkg']
[0.681s] Level 1:colcon.colcon_core.package_identification:_identify(group2_gp2) by extension 'colcon_pkg'
[0.681s] Level 1:colcon.colcon_core.package_identification:_identify(group2_gp2) by extensions ['colcon_meta']
[0.682s] Level 1:colcon.colcon_core.package_identification:_identify(group2_gp2) by extension 'colcon_meta'
[0.682s] Level 1:colcon.colcon_core.package_identification:_identify(group2_gp2) by extensions ['ros']
[0.682s] Level 1:colcon.colcon_core.package_identification:_identify(group2_gp2) by extension 'ros'
[0.694s] DEBUG:colcon.colcon_core.package_identification:Package 'group2_gp2' with type 'ros.ament_python' and name 'group2_gp2'
[0.695s] Level 1:colcon.colcon_core.package_identification:_identify(group2_gp2_interfaces) by extensions ['ignore', 'ignore_ament_install']
[0.696s] Level 1:colcon.colcon_core.package_identification:_identify(group2_gp2_interfaces) by extension 'ignore'
[0.697s] Level 1:colcon.colcon_core.package_identification:_identify(group2_gp2_interfaces) by extension 'ignore_ament_install'
[0.697s] Level 1:colcon.colcon_core.package_identification:_identify(group2_gp2_interfaces) by extensions ['colcon_pkg']
[0.697s] Level 1:colcon.colcon_core.package_identification:_identify(group2_gp2_interfaces) by extension 'colcon_pkg'
[0.697s] Level 1:colcon.colcon_core.package_identification:_identify(group2_gp2_interfaces) by extensions ['colcon_meta']
[0.697s] Level 1:colcon.colcon_core.package_identification:_identify(group2_gp2_interfaces) by extension 'colcon_meta'
[0.697s] Level 1:colcon.colcon_core.package_identification:_identify(group2_gp2_interfaces) by extensions ['ros']
[0.698s] Level 1:colcon.colcon_core.package_identification:_identify(group2_gp2_interfaces) by extension 'ros'
[0.700s] DEBUG:colcon.colcon_core.package_identification:Package 'group2_gp2_interfaces' with type 'ros.ament_cmake' and name 'group2_gp2_interfaces'
[0.701s] Level 1:colcon.colcon_core.package_identification:_identify(install) by extensions ['ignore', 'ignore_ament_install']
[0.701s] Level 1:colcon.colcon_core.package_identification:_identify(install) by extension 'ignore'
[0.701s] Level 1:colcon.colcon_core.package_identification:_identify(install) ignored
[0.701s] Level 1:colcon.colcon_core.package_identification:_identify(log) by extensions ['ignore', 'ignore_ament_install']
[0.701s] Level 1:colcon.colcon_core.package_identification:_identify(log) by extension 'ignore'
[0.702s] Level 1:colcon.colcon_core.package_identification:_identify(log) ignored
[0.702s] Level 1:colcon.colcon_core.package_discovery:discover_packages(recursive) using defaults
[0.702s] Level 1:colcon.colcon_core.package_discovery:discover_packages(ignore) discover
[0.702s] Level 1:colcon.colcon_core.package_discovery:discover_packages(ignore) using defaults
[0.702s] Level 1:colcon.colcon_core.package_discovery:discover_packages(path) discover
[0.702s] Level 1:colcon.colcon_core.package_discovery:discover_packages(path) using defaults
[0.779s] Level 1:colcon.colcon_core.package_discovery:discover_packages(prefix_path) check parameters
[0.779s] Level 1:colcon.colcon_core.package_discovery:discover_packages(prefix_path) discover
[0.790s] Level 1:colcon.colcon_core.package_discovery:discover_packages(prefix_path) using defaults
[0.797s] Level 5:colcon.colcon_core.verb:set package 'group2_gp2_interfaces' build argument 'cmake_args' from command line to '['-DCMAKE_BUILD_TYPE=Release']'
[0.797s] Level 5:colcon.colcon_core.verb:set package 'group2_gp2_interfaces' build argument 'cmake_target' from command line to 'None'
[0.798s] Level 5:colcon.colcon_core.verb:set package 'group2_gp2_interfaces' build argument 'cmake_target_skip_unavailable' from command line to 'False'
[0.798s] Level 5:colcon.colcon_core.verb:set package 'group2_gp2_interfaces' build argument 'cmake_clean_cache' from command line to 'False'
[0.798s] Level 5:colcon.colcon_core.verb:set package 'group2_gp2_interfaces' build argument 'cmake_clean_first' from command line to 'False'
[0.798s] Level 5:colcon.colcon_core.verb:set package 'group2_gp2_interfaces' build argument 'cmake_force_configure' from command line to 'False'
[0.798s] Level 5:colcon.colcon_core.verb:set package 'group2_gp2_interfaces' build argument 'ament_cmake_args' from command line to 'None'
[0.798s] Level 5:colcon.colcon_core.verb:set package 'group2_gp2_interfaces' build argument 'catkin_cmake_args' from command line to 'None'
[0.798s] Level 5:colcon.colcon_core.verb:set package 'group2_gp2_interfaces' build argument 'catkin_skip_building_tests' from command line to 'False'
[0.798s] DEBUG:colcon.colcon_core.verb:Building package 'group2_gp2_interfaces' with the following arguments: {'ament_cmake_args': None, 'build_base': '/home/maxz/enpm605_ws/src/enpm605-spring-2026-ros/src/gp2/build/group2_gp2_interfaces', 'catkin_cmake_args': None, 'catkin_skip_building_tests': False, 'cmake_args': ['-DCMAKE_BUILD_TYPE=Release'], 'cmake_clean_cache': False, 'cmake_clean_first': False, 'cmake_force_configure': False, 'cmake_target': None, 'cmake_target_skip_unavailable': False, 'install_base': '/home/maxz/enpm605_ws/src/enpm605-spring-2026-ros/src/gp2/install/group2_gp2_interfaces', 'merge_install': False, 'path': '/home/maxz/enpm605_ws/src/enpm605-spring-2026-ros/src/gp2/group2_gp2_interfaces', 'symlink_install': True, 'test_result_base': None}
[0.800s] Level 5:colcon.colcon_core.verb:set package 'group2_gp2' build argument 'cmake_args' from command line to '['-DCMAKE_BUILD_TYPE=Release']'
[0.801s] Level 5:colcon.colcon_core.verb:set package 'group2_gp2' build argument 'cmake_target' from command line to 'None'
[0.801s] Level 5:colcon.colcon_core.verb:set package 'group2_gp2' build argument 'cmake_target_skip_unavailable' from command line to 'False'
[0.801s] Level 5:colcon.colcon_core.verb:set package 'group2_gp2' build argument 'cmake_clean_cache' from command line to 'False'
[0.801s] Level 5:colcon.colcon_core.verb:set package 'group2_gp2' build argument 'cmake_clean_first' from command line to 'False'
[0.801s] Level 5:colcon.colcon_core.verb:set package 'group2_gp2' build argument 'cmake_force_configure' from command line to 'False'
[0.801s] Level 5:colcon.colcon_core.verb:set package 'group2_gp2' build argument 'ament_cmake_args' from command line to 'None'
[0.801s] Level 5:colcon.colcon_core.verb:set package 'group2_gp2' build argument 'catkin_cmake_args' from command line to 'None'
[0.801s] Level 5:colcon.colcon_core.verb:set package 'group2_gp2' build argument 'catkin_skip_building_tests' from command line to 'False'
[0.802s] DEBUG:colcon.colcon_core.verb:Building package 'group2_gp2' with the following arguments: {'ament_cmake_args': None, 'build_base': '/home/maxz/enpm605_ws/src/enpm605-spring-2026-ros/src/gp2/build/group2_gp2', 'catkin_cmake_args': None, 'catkin_skip_building_tests': False, 'cmake_args': ['-DCMAKE_BUILD_TYPE=Release'], 'cmake_clean_cache': False, 'cmake_clean_first': False, 'cmake_force_configure': False, 'cmake_target': None, 'cmake_target_skip_unavailable': False, 'install_base': '/home/maxz/enpm605_ws/src/enpm605-spring-2026-ros/src/gp2/install/group2_gp2', 'merge_install': False, 'path': '/home/maxz/enpm605_ws/src/enpm605-spring-2026-ros/src/gp2/group2_gp2', 'symlink_install': True, 'test_result_base': None}
[0.802s] INFO:colcon.colcon_core.executor:Executing jobs using 'parallel' executor
[0.806s] DEBUG:colcon.colcon_parallel_executor.executor.parallel:run_until_complete
[0.808s] INFO:colcon.colcon_ros.task.ament_cmake.build:Building ROS package in '/home/maxz/enpm605_ws/src/enpm605-spring-2026-ros/src/gp2/group2_gp2_interfaces' with build type 'ament_cmake'
[0.809s] INFO:colcon.colcon_cmake.task.cmake.build:Building CMake package in '/home/maxz/enpm605_ws/src/enpm605-spring-2026-ros/src/gp2/group2_gp2_interfaces'
[0.825s] INFO:colcon.colcon_core.plugin_system:Skipping extension 'colcon_core.shell.bat': Not used on non-Windows systems
[0.827s] INFO:colcon.colcon_core.shell:Skip shell extension 'powershell' for command environment: Not usable outside of PowerShell
[0.827s] DEBUG:colcon.colcon_core.shell:Skip shell extension 'dsv' for command environment
[0.855s] DEBUG:colcon.colcon_core.event_handler.log_command:Invoking command in '/home/maxz/enpm605_ws/src/enpm605-spring-2026-ros/src/gp2/build/group2_gp2_interfaces': DEBUGINFOD_URLS=https://debuginfod.ubuntu.com /usr/bin/cmake /home/maxz/enpm605_ws/src/enpm605-spring-2026-ros/src/gp2/group2_gp2_interfaces -DCMAKE_BUILD_TYPE=Release -DAMENT_CMAKE_SYMLINK_INSTALL=1 -DCMAKE_INSTALL_PREFIX=/home/maxz/enpm605_ws/src/enpm605-spring-2026-ros/src/gp2/install/group2_gp2_interfaces
[2.372s] DEBUG:colcon.colcon_core.event_handler.log_command:Invoked command in '/home/maxz/enpm605_ws/src/enpm605-spring-2026-ros/src/gp2/build/group2_gp2_interfaces' returned '1': DEBUGINFOD_URLS=https://debuginfod.ubuntu.com /usr/bin/cmake /home/maxz/enpm605_ws/src/enpm605-spring-2026-ros/src/gp2/group2_gp2_interfaces -DCMAKE_BUILD_TYPE=Release -DAMENT_CMAKE_SYMLINK_INSTALL=1 -DCMAKE_INSTALL_PREFIX=/home/maxz/enpm605_ws/src/enpm605-spring-2026-ros/src/gp2/install/group2_gp2_interfaces
[2.402s] Level 1:colcon.colcon_core.environment:create_environment_scripts_only(group2_gp2_interfaces)
[2.425s] Level 1:colcon.colcon_core.environment:checking '/home/maxz/enpm605_ws/src/enpm605-spring-2026-ros/src/gp2/install/group2_gp2_interfaces' for CMake module files
[2.427s] Level 1:colcon.colcon_core.environment:checking '/home/maxz/enpm605_ws/src/enpm605-spring-2026-ros/src/gp2/install/group2_gp2_interfaces' for CMake config files
[2.429s] Level 1:colcon.colcon_core.environment:checking '/home/maxz/enpm605_ws/src/enpm605-spring-2026-ros/src/gp2/install/group2_gp2_interfaces/bin'
[2.429s] Level 1:colcon.colcon_core.environment:checking '/home/maxz/enpm605_ws/src/enpm605-spring-2026-ros/src/gp2/install/group2_gp2_interfaces/lib/pkgconfig/group2_gp2_interfaces.pc'
[2.435s] Level 1:colcon.colcon_core.environment:checking '/home/maxz/enpm605_ws/src/enpm605-spring-2026-ros/src/gp2/install/group2_gp2_interfaces/lib/python3.12/site-packages'
[2.438s] Level 1:colcon.colcon_core.environment:checking '/home/maxz/enpm605_ws/src/enpm605-spring-2026-ros/src/gp2/install/group2_gp2_interfaces/bin'
[2.439s] INFO:colcon.colcon_core.shell:Creating package script '/home/maxz/enpm605_ws/src/enpm605-spring-2026-ros/src/gp2/install/group2_gp2_interfaces/share/group2_gp2_interfaces/package.ps1'
[2.444s] INFO:colcon.colcon_core.shell:Creating package descriptor '/home/maxz/enpm605_ws/src/enpm605-spring-2026-ros/src/gp2/install/group2_gp2_interfaces/share/group2_gp2_interfaces/package.dsv'
[2.446s] INFO:colcon.colcon_core.shell:Creating package script '/home/maxz/enpm605_ws/src/enpm605-spring-2026-ros/src/gp2/install/group2_gp2_interfaces/share/group2_gp2_interfaces/package.sh'
[2.449s] INFO:colcon.colcon_core.shell:Creating package script '/home/maxz/enpm605_ws/src/enpm605-spring-2026-ros/src/gp2/install/group2_gp2_interfaces/share/group2_gp2_interfaces/package.bash'
[2.452s] INFO:colcon.colcon_core.shell:Creating package script '/home/maxz/enpm605_ws/src/enpm605-spring-2026-ros/src/gp2/install/group2_gp2_interfaces/share/group2_gp2_interfaces/package.zsh'
[2.455s] Level 1:colcon.colcon_core.environment:create_file_with_runtime_dependencies(/home/maxz/enpm605_ws/src/enpm605-spring-2026-ros/src/gp2/install/group2_gp2_interfaces/share/colcon-core/packages/group2_gp2_interfaces)
[2.467s] DEBUG:colcon.colcon_parallel_executor.executor.parallel:closing loop
[2.468s] DEBUG:colcon.colcon_parallel_executor.executor.parallel:loop closed
[2.470s] DEBUG:colcon.colcon_parallel_executor.executor.parallel:run_until_complete finished with '1'
[2.471s] DEBUG:colcon.colcon_core.event_reactor:joining thread
[2.494s] INFO:colcon.colcon_core.plugin_system:Skipping extension 'colcon_notification.desktop_notification.terminal_notifier': Not used on non-Darwin systems
[2.494s] INFO:colcon.colcon_core.plugin_system:Skipping extension 'colcon_notification.desktop_notification.win32': Not used on non-Windows systems
[2.495s] INFO:colcon.colcon_notification.desktop_notification:Sending desktop notification using 'notify2'
[2.585s] DEBUG:colcon.colcon_core.event_reactor:joined thread
[2.586s] INFO:colcon.colcon_core.shell:Creating prefix script '/home/maxz/enpm605_ws/src/enpm605-spring-2026-ros/src/gp2/install/local_setup.ps1'
[2.590s] INFO:colcon.colcon_core.shell:Creating prefix util module '/home/maxz/enpm605_ws/src/enpm605-spring-2026-ros/src/gp2/install/_local_setup_util_ps1.py'
[2.594s] INFO:colcon.colcon_core.shell:Creating prefix chain script '/home/maxz/enpm605_ws/src/enpm605-spring-2026-ros/src/gp2/install/setup.ps1'
[2.598s] INFO:colcon.colcon_core.shell:Creating prefix script '/home/maxz/enpm605_ws/src/enpm605-spring-2026-ros/src/gp2/install/local_setup.sh'
[2.600s] INFO:colcon.colcon_core.shell:Creating prefix util module '/home/maxz/enpm605_ws/src/enpm605-spring-2026-ros/src/gp2/install/_local_setup_util_sh.py'
[2.602s] INFO:colcon.colcon_core.shell:Creating prefix chain script '/home/maxz/enpm605_ws/src/enpm605-spring-2026-ros/src/gp2/install/setup.sh'
[2.605s] INFO:colcon.colcon_core.shell:Creating prefix script '/home/maxz/enpm605_ws/src/enpm605-spring-2026-ros/src/gp2/install/local_setup.bash'
[2.607s] INFO:colcon.colcon_core.shell:Creating prefix chain script '/home/maxz/enpm605_ws/src/enpm605-spring-2026-ros/src/gp2/install/setup.bash'
[2.609s] INFO:colcon.colcon_core.shell:Creating prefix script '/home/maxz/enpm605_ws/src/enpm605-spring-2026-ros/src/gp2/install/local_setup.zsh'
[2.611s] INFO:colcon.colcon_core.shell:Creating prefix chain script '/home/maxz/enpm605_ws/src/enpm605-spring-2026-ros/src/gp2/install/setup.zsh'
