[0.046s] Invoking command in '/home/maxz/enpm605_ws/src/enpm605-spring-2026-ros/src/gp2/build/group2_gp2_interfaces': DEBUGINFOD_URLS=https://debuginfod.ubuntu.com /usr/bin/cmake /home/maxz/enpm605_ws/src/enpm605-spring-2026-ros/src/gp2/group2_gp2_interfaces -DCMAKE_BUILD_TYPE=Release -DAMENT_CMAKE_SYMLINK_INSTALL=1 -DCMAKE_INSTALL_PREFIX=/home/maxz/enpm605_ws/src/enpm605-spring-2026-ros/src/gp2/install/group2_gp2_interfaces
[0.386s] -- The C compiler identification is GNU 13.3.0
[0.635s] -- The CXX compiler identification is GNU 13.3.0
[0.733s] -- Detecting C compiler ABI info
[1.025s] -- Detecting C compiler ABI info - done
[1.064s] -- Check for working C compiler: /usr/bin/cc - skipped
[1.066s] -- Detecting C compile features
[1.069s] -- Detecting C compile features - done
[1.110s] -- Detecting CXX compiler ABI info
[1.481s] -- Detecting CXX compiler ABI info - done
[1.515s] -- Check for working CXX compiler: /usr/bin/c++ - skipped
[1.516s] -- Detecting CXX compile features
[1.518s] -- Detecting CXX compile features - done
[1.550s] [31mCMake Error at CMakeLists.txt:9 (find_package):
[1.551s]   By not providing "Findament_cmake.cmake" in CMAKE_MODULE_PATH this project
[1.551s]   has asked CMake to find a package configuration file provided by
[1.551s]   "ament_cmake", but CMake did not find one.
[1.552s] 
[1.552s]   Could not find a package configuration file provided by "ament_cmake" with
[1.552s]   any of the following names:
[1.552s] 
[1.552s]     ament_cmakeConfig.cmake
[1.552s]     ament_cmake-config.cmake
[1.552s] 
[1.553s]   Add the installation prefix of "ament_cmake" to CMAKE_PREFIX_PATH or set
[1.553s]   "ament_cmake_DIR" to a directory containing one of the above files.  If
[1.553s]   "ament_cmake" provides a separate development package or SDK, be sure it
[1.553s]   has been installed.
[1.553s] 
[1.553s] [0m
[1.554s] -- Configuring incomplete, errors occurred!
[1.564s] Invoked command in '/home/maxz/enpm605_ws/src/enpm605-spring-2026-ros/src/gp2/build/group2_gp2_interfaces' returned '1': DEBUGINFOD_URLS=https://debuginfod.ubuntu.com /usr/bin/cmake /home/maxz/enpm605_ws/src/enpm605-spring-2026-ros/src/gp2/group2_gp2_interfaces -DCMAKE_BUILD_TYPE=Release -DAMENT_CMAKE_SYMLINK_INSTALL=1 -DCMAKE_INSTALL_PREFIX=/home/maxz/enpm605_ws/src/enpm605-spring-2026-ros/src/gp2/install/group2_gp2_interfaces
